         w __deregister_frame_info
         w __register_frame_info
         w userAppExit
         w userAppInit
00000000 00000802 B __ctru_dev_utf16_buf
00000000 a shift
00000000 a shift
00000000 A __sync_synchronize
00000000 b _TLS_MODULE_BASE_
00000804 00000401 B __ctru_dev_path_buf
00100000 A __start__
00100000 T _start
00100008 T __service_ptr
0010000c T __apt_appid
00100010 T __heap_size
00100014 T __linear_heap_size
00100018 T __system_arglist
0010001c T __system_runflags
00100020 t startup
00100058 t ClearMem
0010006c t ClrLoop
00100094 T _init
001000ac T __aeabi_idiv
001000ac 00000220 T __divsi3
001000b4 t .divsi3_skip_div0_test
001002cc 00000020 T __aeabi_idivmod
001002ec 00000004 W __aeabi_idiv0
001002ec 00000004 W __aeabi_ldiv0
00100308 00000390 T strcmp
00100690 T __aeabi_uidiv
00100690 000001ec T __udivsi3
00100690 t .udivsi3_skip_div0_test
0010087c 00000020 T __aeabi_uidivmod
0010089c t __do_global_dtors_aux
001008dc t frame_dummy
00100908 00000054 T main
0010095c 0000045c t consoleHandleColorEsc
00100db8 000000b8 t consoleColorStateShift
00100e70 000001ac T consoleDrawChar
0010101c 0000011c T consolePrintChar
00101138 000005ec T con_write
00101724 00000124 t newRow
00101848 0000018c T consoleInit
001019d4 000000d0 t gfxPresentFramebuffer
00101aa4 0000001c T gfxIsWide
00101ac0 000000ec T gfxSetScreenFormat
00101bac 00000010 T gfxSetDoubleBuffering
00101bbc 000000d8 T gfxInit
00101c94 00000010 T gfxInitDefault
00101ca4 000000b4 T gfxExit
00101d58 000000a0 T gfxGetFramebuffer
00101df8 00000100 T gfxFlushBuffers
00101ef8 00000050 T gfxSwapBuffers
00101f48 00000050 T gfxSwapBuffersGpu
00101f98 000001b0 t aptConvertScreenForCapture
00102148 00000008 W aptDspSleep
00102150 00000004 W aptDspWakeup
00102154 00000004 W aptDspCancel
00102158 00000158 T aptSendCommand
001022b0 00000044 t aptExitProcess
001022f4 00000380 T aptExit
00102674 000000d8 T aptHandleSleep
0010274c 00000084 T APT_SleepIfShellClosed
001027d0 00000078 T aptSetSleepAllowed
00102848 00000084 T APT_UnlockTransition
001028d0 00000478 t aptEventHandler
00102d48 000000b0 T APT_ReceiveParameter
00102df8 000000ac t aptReceiveParameter.constprop.0
00102ea8 00000294 t aptScreenTransfer
0010313c 000002c8 t aptWaitForWakeUp.isra.0
00103404 000000f4 T aptJumpToHomeMenu
001034f8 00000048 T aptMainLoop
00103540 0000022c T aptInit
0010376c 0000007c T APT_CheckNew3DS
001037e8 00000c70 t gspHardwareInit
00104458 00000248 T gspInit
001046a0 000000e4 T gspExit
00104784 00000010 T gspHasGpuRight
00104794 000000a0 T gspPresentBuffer
00104834 00000044 T gspWaitForEvent
00104878 00000004 W gxCmdQueueInterrupt
0010487c 00000160 t gspEventThreadMain
001049dc 00000050 T GSPGPU_FlushDataCache
00104a2c 00000034 T GSPGPU_SetLcdForceBlack
00104a60 00000068 T GSPGPU_AcquireRight
00104ac8 00000048 T GSPGPU_ReleaseRight
00104b10 0000007c T GSPGPU_ImportDisplayCaptureInfo
00104b8c 0000002c T GSPGPU_SaveVramSysArea
00104bb8 0000002c T GSPGPU_RestoreVramSysArea
00104be4 00000024 W hidShouldUseIrrst
00104c08 0000018c T hidInit
00104d94 000000e8 T hidExit
00104e7c 000002a4 T hidScanInput
00105120 00000010 T hidKeysDown
00105130 00000160 T irrstInit
00105290 000000cc T irrstExit
0010535c 000000b4 T irrstScanInput
00105410 00000024 T irrstKeysHeld
00105434 00000038 W __libctru_init
0010546c 00000160 W __system_initArgv
001055cc 00000030 T __syscall_getreent
001055fc 00000004 T __syscall_lock_acquire
00105600 00000004 T __syscall_lock_release
00105604 00000004 T __syscall_lock_acquire_recursive
00105608 00000004 T __syscall_lock_release_recursive
0010560c 00000004 T __syscall_exit
00105610 00000050 T initThreadVars
00105660 00000080 T __system_initSyscalls
001056e0 T svcControlMemory
00105700 T svcQueryMemory
00105730 T svcExitProcess
00105738 T svcCreateThread
00105758 T svcExitThread
00105760 T svcSleepThread
00105768 T svcReleaseMutex
00105770 T svcCreateEvent
00105784 T svcSignalEvent
0010578c T svcClearEvent
00105794 T svcMapMemoryBlock
0010579c T svcUnmapMemoryBlock
001057a4 T svcCreateAddressArbiter
001057b8 T svcArbitrateAddressNoTimeout
001057c0 T svcCloseHandle
001057c8 T svcWaitSynchronization
001057d0 T svcWaitSynchronizationN
001057f8 T svcDuplicateHandle
0010580c T svcConnectToPort
00105820 T svcSendSyncRequest
00105828 T svcGetResourceLimit
0010583c T svcGetResourceLimitLimitValues
00105844 T svcGetResourceLimitCurrentValues
0010584c T svcBreak
00105854 W initSystem
001058a4 W __ctru_exit
001058b8 00000024 t addrMapNodeComparator(rbtree_node const*, rbtree_node const*)
001058dc 00000004 t addrMapNodeDestructor(rbtree_node*)
001058e0 00000120 T linearMemAlign
00105a00 00000008 T linearAlloc
00105a08 0000005c T linearFree
00105a64 00000084 T MemPool::CoalesceRight(MemBlock*)
00105ae8 00000150 T MemPool::Allocate(MemChunk&, unsigned long, int)
00105c38 000000fc T MemPool::Deallocate(MemChunk const&)
00105d34 00000030 T MemPool::GetFreeSpace()
00105d64 00000024 t addrMapNodeComparator(rbtree_node const*, rbtree_node const*)
00105d88 00000004 t addrMapNodeDestructor(rbtree_node*)
00105d8c 00000244 T vramMemAlignAt
00105fd0 0000000c T vramAlloc
00105fdc 00000090 T vramFree
0010606c 00000084 W envGetHandle
001060f0 00000050 W envDestroyHandles
00106140 00000034 T __ctru_speedup_config
00106174 0000012c T srvInit
001062a0 00000058 T srvExit
001062f8 00000060 T srvEnableNotification
00106358 000000a0 T srvGetServiceHandleDirect
001063f8 00000038 T srvGetServiceHandle
00106430 00000034 T srvSubscribe
00106464 00000060 T srvReceiveNotification
001064c4 00000038 T srvPublishToSubscriber
001064fc 0000000c T __sync_init
00106508 00000018 T __sync_fini
00106520 0000002c T syncArbitrateAddress
0010654c 000000b0 T LightLock_Lock
001065fc 00000040 T LightLock_Unlock
0010663c 00000030 T RecursiveLock_Lock
0010666c 00000054 T RecursiveLock_Unlock
001066c0 00000040 T LightEvent_Init
00106700 000000a4 T LightEvent_Clear
001067a4 000000c8 T LightEvent_Signal
0010686c 00000050 T LightEvent_TryWait
001068bc 000000a0 T LightEvent_Wait
0010695c 000001d4 T threadCreate
00106b30 0000002c T threadFree
00106b5c 00000024 T threadJoin
00106b80 00000030 T threadGetCurrent
00106bb0 00000040 T threadExit
00106bf0 00000020 t _thread_begin
00106c10 00000090 t mappableFindAddressWithin
00106ca0 00000028 T mappableInit
00106cc8 00000080 T mappableAlloc
00106d48 00000004 T mappableFree
00106d4c 00000074 T ptmSysmInit
00106dc0 0000003c T ptmSysmExit
00106dfc 00000034 T PTMSYSM_ConfigureNew3DSCPU
00106e30 0000000c T srvPmGetSessionHandle
00106e3c 00000074 T rbtree_find
00106eb0 00000010 T rbtree_init
00106ec0 0000019c t do_insert
0010705c 00000008 T rbtree_insert
00107064 00000310 T rbtree_remove
00107374 00000090 T rbtree_rotate
00107408 000001e0 W __system_allocateHeaps
001075e8 00000030 W __appExit
00107618 00000030 W __appInit
00107648 00000090 W __libctru_exit
001076d8 00000014 t archive_link
001076ec 00000014 t archive_dirreset
00107700 00000014 t archive_chmod
00107714 00000024 t error_cmp
00107738 00000050 t archive_translate_error
00107788 000000c4 t archive_seek
0010784c 00000078 t _archiveInit.part.0
001078c4 000000c4 t archiveFindDevice.part.0
00107988 00000290 t archive_utf16path
00107c18 0000009c t _archiveUnmountDeviceStruct.part.0
00107cb4 00000014 t archive_statvfs
00107cc8 00000014 t archive_fchmod
00107cdc 00000168 t _archiveMountDevice
00107e44 000000e8 t archive_diropen
00107f2c 000000a4 t archive_fstat
00107fd0 0000006c t archive_fsync
0010803c 0000006c t archive_close
001080a8 00000070 t archive_dirclose
00108118 000000e4 t sdmc_statvfs
001081fc 000000ec t archive_chdir
001082e8 0000007c t archive_ftruncate
00108364 000000ac t archive_read
00108410 000000a4 t archive_unlink
001084b4 000000bc t archive_rmdir
00108570 000000dc t archive_mkdir
0010864c 00000194 t archive_stat
001087e0 0000015c t archive_dirnext
0010893c 00000124 t archive_write
00108a60 00000210 t archive_open
00108c70 00000268 t archive_rename
00108ed8 0000019c T archiveMountSdmc
00109074 00000054 T archiveUnmountAll
001090c8 000000d0 T fsInit
00109198 0000003c T fsExit
001091d4 00000060 T fsExemptFromSession
00109234 00000050 T fsUnexemptFromSession
00109284 000000cc T FSUSER_OpenFile
00109350 000000bc T FSUSER_DeleteFile
0010940c 000000f8 T FSUSER_RenameFile
00109504 000000bc T FSUSER_DeleteDirectory
001095c0 000000d4 T FSUSER_CreateFile
00109694 000000c4 T FSUSER_CreateDirectory
00109758 000000f8 T FSUSER_RenameDirectory
00109850 000000b4 T FSUSER_OpenDirectory
00109904 00000094 T FSUSER_OpenArchive
00109998 0000008c T FSUSER_CloseArchive
00109a24 00000074 T FSUSER_GetSdmcArchiveResource
00109a98 00000064 T FSUSER_IsSdmcWritable
00109afc 00000058 T FSFILE_Read
00109b54 00000060 T FSFILE_Write
00109bb4 00000038 T FSFILE_GetSize
00109bec 00000028 T FSFILE_SetSize
00109c14 0000003c T FSFILE_Close
00109c50 00000024 T FSFILE_Flush
00109c74 00000050 T FSDIR_Read
00109cc4 0000003c T FSDIR_Close
00109d00 0000005c T rbtree_node_next
00109d5c 0000013c T decode_utf8
00109e98 000000e8 T utf16_to_utf8
00109f80 000000c0 T utf8_to_utf16
0010a040 T __aeabi_read_tp
0010a04c 00000064 T decode_utf16
0010a0b0 00000054 T encode_utf16
0010a104 000000e0 T encode_utf8
0010a1e4 000000d8 T strncmp
0010a2bc 0000005c T strlen
0010a318 000001e4 t _strtoul_l.isra.0
0010a4fc 00000034 T strtoul
0010a530 000000e4 T strncat
0010a614 00000078 T bsearch
0010a68c 00000020 T memalign
0010a6ac 0000001c t stdio_exit_handler
0010a6c8 0000005c t cleanup_stdio
0010a724 00000154 t global_stdio_init.part.0
0010a878 0000005c T __sinit
0010a8d4 0000000c T __sfp_lock_acquire
0010a8e0 0000000c T __sfp_lock_release
0010a8ec 000007e8 T _malloc_r
0010b0d4 000000f8 T _malloc_trim_r
0010b1cc 00000300 T _free_r
0010b4cc 00000294 T setvbuf
0010b760 0000004c T strnlen
0010b7ac 0000000c T __errno
0010b7b8 00000034 T malloc
0010b7ec 00000018 T free
0010b804 00000130 T memcpy
0010b934 000000e8 T memset
0010ba1c 00000070 T _fwalk_sglue
0010ba8c 0000000c T __malloc_lock
0010ba98 0000000c T __malloc_unlock
0010baa4 00000004 W __call_exitprocs
0010baa8 00000030 T exit
0010bad8 000000c4 T strncpy
0010bb9c 00000084 T __libc_init_array
0010bc20 00000228 T __sflush_r
0010be48 00000094 T _fflush_r
0010bedc 00000150 T _memalign_r
0010c02c 0000003c T __libc_fini_array
0010c068 00000044 T __sread
0010c0ac 00000068 T __swrite
0010c114 00000040 T __sseek
0010c154 00000008 T __sclose
0010c15c 00000148 T _fclose_r
0010c2a4 0000008c T __swhatbuf_r
0010c330 00000020 T _exit
0010c350 0000013c T chdir
0010c48c 000001cc T _concatenate_path
0010c658 00000088 T _fstat_r
0010c6e0 0000002c T __getreent
0010c70c 0000003c T __get_handle
0010c748 000000f4 T _close_r
0010c83c 00000008 t null_write
0010c844 00000018 T setDefaultDevice
0010c85c 000000c8 T FindDevice
0010c924 00000028 T RemoveDevice
0010c94c 00000098 T AddDevice
0010c9e4 00000020 T GetDeviceOpTab
0010ca04 0000008c T _lseek_r
0010ca90 00000088 T _read_r
0010cb18 00000078 W _sbrk_r
0010cb90 0000001c T __libc_lock_acquire
0010cbac 0000001c T __libc_lock_release
0010cbc8 0000001c T __libc_lock_acquire_recursive
0010cbe4 0000001c T __libc_lock_release_recursive
0010cc00 00000088 T _write_r
0010cc88 00000130 T strchr
0010cdb8 00000048 T strrchr
0010ce00 T _fini
0010d160 00000080 r dotab_stdout
0010d1e0 00000018 r grayScale
0010d1f8 00000006 r colorCube
0010d200 00000030 r colorTable
0010d24c 00000008 r morton_y.2
0010d254 00000008 r morton_x.3
0010d25c 00000008 r s_sleepWakeEvents.4
0010d264 R default_font_bin
0010da64 R default_font_bin_end
0010da64 00000030 r error_table
0010da94 00000080 r archive_devoptab
0010db14 00000101 R _ctype_
0010dc18 00000080 R dotab_stdnull
0010dc98 R __tdata_align
0010dc9c r __EH_FRAME_BEGIN__
0010dc9c R __exidx_end
0010dc9c R __exidx_start
0010e000 00000001 d firstConsoleInit.0
0010e004 00000004 D currentConsole
0010e008 00000048 D defaultConsole
0010e050 00000004 d aptChainloadDeliverArgSize
0010e054 00000004 d kCount
0010e058 00000004 d kInterval
0010e05c 00000004 d kDelay
0010e060 W __stacksize__
0010e064 00000004 D _impure_ptr
0010e068 00000120 D _impure_data
0010e188 0000000c D __sglue
0010e194 00000004 D __malloc_sbrk_base
0010e198 00000004 D __malloc_trim_threshold
0010e1a0 00000408 D __malloc_av_
0010e5a8 00000400 d _current_working_directory
0010e9a8 00001000 d handles
0010f9a8 0000000c d __stderr_handle
0010f9b4 0000000c d __stdout_handle
0010f9c0 0000000c d __stdin_handle
0010f9cc 0000008c D devoptab_list
0010fa58 00000004 d defaultDevice
0010fa64 d _GLOBAL_OFFSET_TABLE_
0010fa70 d __frame_dummy_init_array_entry
0010fa70 D __init_array_start
0010fa70 B __preinit_array_end
0010fa70 B __preinit_array_start
0010fa70 D __tdata_lma
0010fa70 D __tdata_lma_end
0010fa74 d __do_global_dtors_aux_fini_array_entry
0010fa74 D __fini_array_start
0010fa74 D __init_array_end
0010fa78 D __bss_start__
0010fa78 b completed.1
0010fa78 D __fini_array_end
0010fa7c b object.0
0010fa94 0000001c b escapeSeq
0010fab0 00000048 B currentCopy
0010faf8 00000004 b screenAlloc
0010fafc 00000004 b screenFree
0010fb00 00000002 b gfxIsDoubleBuf
0010fb04 00000002 b gfxCurBuf
0010fb06 00000001 b gfxIsVram
0010fb07 00000001 b gfxTopMode
0010fb08 00000002 b gfxFramebufferFormats
0010fb0c 00000004 b gfxBottomFramebufferMaxSize
0010fb10 00000004 b gfxTopFramebufferMaxSize
0010fb18 00000008 b gfxBottomFramebuffers
0010fb20 00000008 b gfxTopFramebuffers
0010fb28 00000001 b flagValue.0
0010fb29 00000001 b flagInit.1
0010fb2c 00000004 b serviceName.6
0010fb30 00000001 b aptChainloadFlags
0010fb31 00000001 b aptChainloadMediatype
0010fb34 00000020 b aptChainloadHmac
0010fb54 00000300 b aptChainloadDeliverArg
0010fe58 00000008 b aptChainloadTid
0010fe60 00001000 b aptParameters
00110e60 00000004 b aptFlags
00110e64 00000001 b aptHomeButtonState
00110e68 00000004 b aptMessageFuncData
00110e6c 00000004 b aptMessageFunc
00110e70 0000000c b aptFirstHook
00110e7c 00000001 b aptEventHandlerThreadQuit
00110e80 00000004 b aptEventHandlerThread
00110e84 00000008 b aptSleepEvent
00110e8c 00000008 b aptReceiveEvent
00110e94 00000008 b aptEvents
00110e9c 00000004 b aptLockHandle
00110ea0 00000004 b aptRefCount
00110ea4 00000007 b gspEventCbOneShot
00110eac 0000001c b gspEventCbData
00110ec8 0000001c b gspEventCb
00110ee4 00000038 b gspEvents
00110f1c 00000004 b gspLastEvent
00110f20 00000001 b gspRunEvents
00110f24 00000004 b gspEventThread
00110f28 00000004 b gspEvent
00110f2c 00000001 b gspGpuRight
00110f2d 00000001 b gspThreadId
00110f30 00000004 b gspSharedMem
00110f34 00000004 b gspSharedMemHandle
00110f38 00000004 b gspRefCount
00110f3c 00000004 b gspGpuHandle
00110f40 00000001 b usingIrrst
00110f44 00000004 b hidRefCount
00110f48 00000006 b gRate
00110f50 00000006 b aVec
00110f58 00000004 b cPos
00110f5c 00000004 b tPos
00110f60 00000004 b kRepeat
00110f64 00000004 b kUp
00110f68 00000004 b kDown
00110f6c 00000004 b kHeld
00110f70 00000004 b kOld
00110f74 00000004 B hidSharedMem
00110f78 00000014 B hidEvents
00110f8c 00000004 B hidMemHandle
00110f90 00000004 B hidHandle
00110f94 00000004 b irrstRefCount
00110f98 00000004 b csPos
00110f9c 00000004 b kHeld
00110fa0 00000004 B irrstSharedMem
00110fa4 00000004 B irrstEvent
00110fa8 00000004 B irrstMemHandle
00110fac 00000004 B irrstHandle
00110fb0 00000004 B __system_retAddr
00110fb4 00000004 B __system_argv
00110fb8 00000004 B __system_argc
00110fbc b saved_stack
00110fc8 00000008 b sLinearPool
00110fd0 0000000c b sAddrMap
00110fe0 00000008 b sVramPoolB
00110fe8 00000008 b sVramPoolA
00110ff0 0000000c b sAddrMap
00110ffc 00000004 B __3dslink_host
00111000 00000001 V __ctru_speedup
00111004 00000004 b srvRefCount
00111008 00000004 b srvHandle
0011100c 00000004 b arbiter
00111010 00000004 b currentAddr
00111014 00000004 b maxAddr
00111018 00000004 b minAddr
0011101c 00000004 b ptmSysmRefCount
00111020 00000004 b ptmSysmHandle
00111024 00000004 b srvPmHandle
00111028 00000004 V __ctru_linear_heap_size
0011102c 00000004 V __ctru_heap_size
00111030 00000004 B __ctru_linear_heap
00111034 00000004 B __ctru_heap
00111038 000005c0 b archive_devices
001115f8 00000004 b archive_device_cwd
001115fc 00000001 b archive_initialized
00111600 00000080 b fsExemptArchives
00111680 00000004 b fsuRefCount
00111684 00000004 b fsuHandle
00111688 0000000c b __sfp_recursive_mutex
00111698 00000168 B __sf
00111800 00000004 B __stdio_exit_handler
00111804 00000028 B __malloc_current_mallinfo
0011182c 00000004 B __malloc_max_total_mem
00111830 00000004 B __malloc_max_sbrked_mem
00111834 00000004 B __malloc_top_pad
00111838 0000000c b __malloc_recursive_mutex
00111844 00000400 b temp_cwd
00111c44 00000004 b __hndl_lock
00111c48 00000004 B fake_heap_start
00111c4c 00000004 B fake_heap_end
00111c50 00000004 b heap_start.0
00111c54 B __tls_start
0011285c B __bss_end__
0011285c A __end__
0011285c B __tls_end
